<?xml version="1.0" encoding="UTF-8"?>
<!-- Generated by org.testng.reporters.JUnitReportReporter -->
<testsuite hostname="PNVL001" failures="0" tests="3" name="selenium.webdriver.App" time="1.097" errors="0" timestamp="2022-01-08T08:23:47 ICT" skipped="0">
  <testcase classname="selenium.webdriver.App" name="TC_01_ValidateCurrentUrl" time="0.099"/>
  <system-out/>
  <testcase classname="selenium.webdriver.App" name="TC_03_LoginFormDisplayed" time="0.942"/>
  <system-out/>
  <testcase classname="selenium.webdriver.App" name="TC_02_ValidatePageTitle" time="0.056"/>
  <system-out/>
</testsuite> <!-- selenium.webdriver.App -->
