<?xml version="1.0" encoding="UTF-8"?>
<!-- Generated by org.testng.reporters.JUnitReportReporter -->
<testsuite hostname="PNVL001" failures="0" tests="6" name="selenium.webdriver.Testalada" time="25.622" errors="0" timestamp="2022-01-08T09:51:43 ICT" skipped="0">
  <testcase classname="selenium.webdriver.Testalada" name="TC_05_Register_Incorrect_Password" time="3.677"/>
  <system-out/>
  <testcase classname="selenium.webdriver.Testalada" name="TC_01_Register_Empty_Data" time="6.594"/>
  <system-out/>
  <testcase classname="selenium.webdriver.Testalada" name="TC_06_Register_Invalid_Phone" time="4.086"/>
  <system-out/>
  <testcase classname="selenium.webdriver.Testalada" name="TC_02_Register_Invalid_Email" time="3.771"/>
  <system-out/>
  <testcase classname="selenium.webdriver.Testalada" name="TC_03_Register_Incorrect_Email" time="3.703"/>
  <system-out/>
  <testcase classname="selenium.webdriver.Testalada" name="TC_04_Register_Password_Less_Than_6_Chars" time="3.791"/>
  <system-out/>
</testsuite> <!-- selenium.webdriver.Testalada -->
